2023-01-21 10:42:04,755  INFO [main] nopCommerceSDET:77 - ************* Launching Browser *****************
2023-01-21 10:44:40,271  INFO [main] nopCommerceSDET:77 - ************* Launching Browser *****************
2023-01-21 10:48:28,204  INFO [main] nopCommerce Application Hybrid FrameWork:77 - ************* Launching Browser *****************
2023-01-21 10:48:38,883  INFO [main] nopCommerce Application Hybrid FrameWork:77 - ************* Launching Browser *****************
2023-01-21 10:49:18,133  INFO [main] nopCommerce Application Hybrid FrameWork:77 - ************* Launching Browser *****************
2023-01-21 11:00:24,072  INFO [main] nopCommerce Application Hybrid FrameWork:77 - ************* Launching Browser *****************
2023-01-21 11:00:24,571  INFO [main] nopCommerce Application Hybrid FrameWork:35 - ************* LoginPage Title Verified *****************
2023-01-21 11:00:36,215  INFO [main] nopCommerce Application Hybrid FrameWork:77 - ************* Launching Browser *****************
2023-01-21 11:01:15,033  INFO [main] nopCommerce Application Hybrid FrameWork:47 - ************* HomePage Title Verified *****************
2023-01-21 11:01:28,154  INFO [main] nopCommerce Application Hybrid FrameWork:77 - ************* Launching Browser *****************
2023-01-21 11:01:32,486  INFO [main] nopCommerce Application Hybrid FrameWork:51 - ************* Take screen shots when faild *****************
2023-01-26 13:27:56,792  INFO [main] nopCommerce Application Hybrid FrameWork:77 - ************* Launching Browser *****************
2023-01-26 13:27:57,492  INFO [main] nopCommerce Application Hybrid FrameWork:35 - ************* LoginPage Title Verified *****************
2023-01-26 13:28:05,006  INFO [main] nopCommerce Application Hybrid FrameWork:77 - ************* Launching Browser *****************
2023-01-26 13:28:14,934  INFO [main] nopCommerce Application Hybrid FrameWork:47 - *** HomePage Title Verified when entered correct login credentials passed ***
2023-01-26 13:28:19,453  INFO [main] nopCommerce Application Hybrid FrameWork:77 - ************* Launching Browser *****************
2023-01-26 13:28:21,610  INFO [main] nopCommerce Application Hybrid FrameWork:51 - *** Take screen shots captured when entered correct login credentials faild ***
2023-01-27 06:29:58,219  INFO [main] nopCommerce Application Hybrid FrameWork:81 - ************* Launching Browser *****************
2023-01-27 06:29:59,049  INFO [main] nopCommerce Application Hybrid FrameWork:35 - ************* LoginPage Title Verified *****************
2023-01-27 06:30:05,765  INFO [main] nopCommerce Application Hybrid FrameWork:81 - ************* Launching Browser *****************
2023-01-27 06:30:10,398  INFO [main] nopCommerce Application Hybrid FrameWork:47 - *** HomePage Title Verified when entered correct login credentials passed ***
2023-01-27 06:30:13,946  INFO [main] nopCommerce Application Hybrid FrameWork:81 - ************* Launching Browser *****************
2023-01-27 06:30:15,094  INFO [main] nopCommerce Application Hybrid FrameWork:51 - *** Take screen shots captured when entered correct login credentials faild ***
2023-01-27 06:30:15,543 DEBUG [main] cache:45 - Couldn't find template in cache for "index.ftl"("en", UTF-8, parsed); will try to load it.
2023-01-27 06:30:15,546 DEBUG [main] cache:45 - TemplateLoader.findTemplateSource("index_en.ftl"): Not found
2023-01-27 06:30:15,553 DEBUG [main] cache:45 - TemplateLoader.findTemplateSource("index.ftl"): Found
2023-01-27 06:30:15,553 DEBUG [main] cache:45 - Loading template for "index.ftl"("en", UTF-8, parsed) from "jar:file:/C:/Users/someswar/.m2/repository/com/aventstack/extentreports/3.1.2/extentreports-3.1.2.jar!/com/aventstack/extentreports/view/html-report/index.ftl"
2023-01-27 06:30:16,271 DEBUG [main] cache:45 - Couldn't find template in cache for "head.ftl"("en", UTF-8, parsed); will try to load it.
2023-01-27 06:30:16,272 DEBUG [main] cache:45 - TemplateLoader.findTemplateSource("head_en.ftl"): Not found
2023-01-27 06:30:16,273 DEBUG [main] cache:45 - TemplateLoader.findTemplateSource("head.ftl"): Found
2023-01-27 06:30:16,288 DEBUG [main] cache:45 - Loading template for "head.ftl"("en", UTF-8, parsed) from "jar:file:/C:/Users/someswar/.m2/repository/com/aventstack/extentreports/3.1.2/extentreports-3.1.2.jar!/com/aventstack/extentreports/view/html-report/head.ftl"
2023-01-27 06:30:16,292 DEBUG [main] cache:45 - Couldn't find template in cache for "nav.ftl"("en", UTF-8, parsed); will try to load it.
2023-01-27 06:30:16,293 DEBUG [main] cache:45 - TemplateLoader.findTemplateSource("nav_en.ftl"): Not found
2023-01-27 06:30:16,298 DEBUG [main] cache:45 - TemplateLoader.findTemplateSource("nav.ftl"): Found
2023-01-27 06:30:16,302 DEBUG [main] cache:45 - Loading template for "nav.ftl"("en", UTF-8, parsed) from "jar:file:/C:/Users/someswar/.m2/repository/com/aventstack/extentreports/3.1.2/extentreports-3.1.2.jar!/com/aventstack/extentreports/view/html-report/nav.ftl"
2023-01-27 06:30:16,322 DEBUG [main] cache:45 - Couldn't find template in cache for "test-view/test-view.ftl"("en", UTF-8, parsed); will try to load it.
2023-01-27 06:30:16,323 DEBUG [main] cache:45 - TemplateLoader.findTemplateSource("test-view/test-view_en.ftl"): Not found
2023-01-27 06:30:16,324 DEBUG [main] cache:45 - TemplateLoader.findTemplateSource("test-view/test-view.ftl"): Found
2023-01-27 06:30:16,325 DEBUG [main] cache:45 - Loading template for "test-view/test-view.ftl"("en", UTF-8, parsed) from "jar:file:/C:/Users/someswar/.m2/repository/com/aventstack/extentreports/3.1.2/extentreports-3.1.2.jar!/com/aventstack/extentreports/view/html-report/test-view/test-view.ftl"
2023-01-27 06:30:16,339 DEBUG [main] cache:45 - Couldn't find template in cache for "test-view/test-view-charts.ftl"("en", UTF-8, parsed); will try to load it.
2023-01-27 06:30:16,340 DEBUG [main] cache:45 - TemplateLoader.findTemplateSource("test-view/test-view-charts_en.ftl"): Not found
2023-01-27 06:30:16,341 DEBUG [main] cache:45 - TemplateLoader.findTemplateSource("test-view/test-view-charts.ftl"): Found
2023-01-27 06:30:16,341 DEBUG [main] cache:45 - Loading template for "test-view/test-view-charts.ftl"("en", UTF-8, parsed) from "jar:file:/C:/Users/someswar/.m2/repository/com/aventstack/extentreports/3.1.2/extentreports-3.1.2.jar!/com/aventstack/extentreports/view/html-report/test-view/test-view-charts.ftl"
2023-01-27 06:30:16,370 DEBUG [main] cache:45 - Couldn't find template in cache for "test-view/standard.ftl"("en", UTF-8, parsed); will try to load it.
2023-01-27 06:30:16,371 DEBUG [main] cache:45 - TemplateLoader.findTemplateSource("test-view/standard_en.ftl"): Not found
2023-01-27 06:30:16,371 DEBUG [main] cache:45 - TemplateLoader.findTemplateSource("test-view/standard.ftl"): Found
2023-01-27 06:30:16,372 DEBUG [main] cache:45 - Loading template for "test-view/standard.ftl"("en", UTF-8, parsed) from "jar:file:/C:/Users/someswar/.m2/repository/com/aventstack/extentreports/3.1.2/extentreports-3.1.2.jar!/com/aventstack/extentreports/view/html-report/test-view/standard.ftl"
2023-01-27 06:30:16,400 DEBUG [main] cache:45 - "test-view/standard.ftl"("en", UTF-8, parsed) cached copy not yet stale; using cached.
2023-01-27 06:30:16,412 DEBUG [main] cache:45 - "test-view/standard.ftl"("en", UTF-8, parsed) cached copy not yet stale; using cached.
2023-01-27 06:30:16,419 DEBUG [main] cache:45 - Couldn't find template in cache for "category-view/category-view.ftl"("en", UTF-8, parsed); will try to load it.
2023-01-27 06:30:16,420 DEBUG [main] cache:45 - TemplateLoader.findTemplateSource("category-view/category-view_en.ftl"): Not found
2023-01-27 06:30:16,421 DEBUG [main] cache:45 - TemplateLoader.findTemplateSource("category-view/category-view.ftl"): Found
2023-01-27 06:30:16,422 DEBUG [main] cache:45 - Loading template for "category-view/category-view.ftl"("en", UTF-8, parsed) from "jar:file:/C:/Users/someswar/.m2/repository/com/aventstack/extentreports/3.1.2/extentreports-3.1.2.jar!/com/aventstack/extentreports/view/html-report/category-view/category-view.ftl"
2023-01-27 06:30:16,430 DEBUG [main] cache:45 - Couldn't find template in cache for "author-view/author-view.ftl"("en", UTF-8, parsed); will try to load it.
2023-01-27 06:30:16,435 DEBUG [main] cache:45 - TemplateLoader.findTemplateSource("author-view/author-view_en.ftl"): Not found
2023-01-27 06:30:16,436 DEBUG [main] cache:45 - TemplateLoader.findTemplateSource("author-view/author-view.ftl"): Found
2023-01-27 06:30:16,436 DEBUG [main] cache:45 - Loading template for "author-view/author-view.ftl"("en", UTF-8, parsed) from "jar:file:/C:/Users/someswar/.m2/repository/com/aventstack/extentreports/3.1.2/extentreports-3.1.2.jar!/com/aventstack/extentreports/view/html-report/author-view/author-view.ftl"
2023-01-27 06:30:16,445 DEBUG [main] cache:45 - Couldn't find template in cache for "exception-view/exception-view.ftl"("en", UTF-8, parsed); will try to load it.
2023-01-27 06:30:16,447 DEBUG [main] cache:45 - TemplateLoader.findTemplateSource("exception-view/exception-view_en.ftl"): Not found
2023-01-27 06:30:16,451 DEBUG [main] cache:45 - TemplateLoader.findTemplateSource("exception-view/exception-view.ftl"): Found
2023-01-27 06:30:16,457 DEBUG [main] cache:45 - Loading template for "exception-view/exception-view.ftl"("en", UTF-8, parsed) from "jar:file:/C:/Users/someswar/.m2/repository/com/aventstack/extentreports/3.1.2/extentreports-3.1.2.jar!/com/aventstack/extentreports/view/html-report/exception-view/exception-view.ftl"
2023-01-27 06:30:16,474 DEBUG [main] cache:45 - Couldn't find template in cache for "dashboard-view/dashboard-view.ftl"("en", UTF-8, parsed); will try to load it.
2023-01-27 06:30:16,475 DEBUG [main] cache:45 - TemplateLoader.findTemplateSource("dashboard-view/dashboard-view_en.ftl"): Not found
2023-01-27 06:30:16,476 DEBUG [main] cache:45 - TemplateLoader.findTemplateSource("dashboard-view/dashboard-view.ftl"): Found
2023-01-27 06:30:16,478 DEBUG [main] cache:45 - Loading template for "dashboard-view/dashboard-view.ftl"("en", UTF-8, parsed) from "jar:file:/C:/Users/someswar/.m2/repository/com/aventstack/extentreports/3.1.2/extentreports-3.1.2.jar!/com/aventstack/extentreports/view/html-report/dashboard-view/dashboard-view.ftl"
2023-01-27 06:30:16,497 DEBUG [main] cache:45 - Couldn't find template in cache for "logs-view/testrunner-logs-view.ftl"("en", UTF-8, parsed); will try to load it.
2023-01-27 06:30:16,501 DEBUG [main] cache:45 - TemplateLoader.findTemplateSource("logs-view/testrunner-logs-view_en.ftl"): Not found
2023-01-27 06:30:16,502 DEBUG [main] cache:45 - TemplateLoader.findTemplateSource("logs-view/testrunner-logs-view.ftl"): Found
2023-01-27 06:30:16,503 DEBUG [main] cache:45 - Loading template for "logs-view/testrunner-logs-view.ftl"("en", UTF-8, parsed) from "jar:file:/C:/Users/someswar/.m2/repository/com/aventstack/extentreports/3.1.2/extentreports-3.1.2.jar!/com/aventstack/extentreports/view/html-report/logs-view/testrunner-logs-view.ftl"
2023-01-29 09:12:02,474  INFO [main] nopCommerce Application Hybrid FrameWork:81 - ************* Launching Browser *****************
2023-01-29 09:14:23,264  INFO [main] nopCommerce Application Hybrid FrameWork:81 - ************* Launching Browser *****************
2023-01-29 09:14:23,724  INFO [main] nopCommerce Application Hybrid FrameWork:36 - ************* LoginPage Title Verified *****************
2023-01-29 09:14:28,938  INFO [main] nopCommerce Application Hybrid FrameWork:81 - ************* Launching Browser *****************
2023-01-29 09:14:44,370  INFO [main] nopCommerce Application Hybrid FrameWork:81 - ************* Launching Browser *****************
2023-01-29 09:14:50,239  INFO [main] nopCommerce Application Hybrid FrameWork:81 - ************* Launching Browser *****************
2023-01-29 09:43:04,245  INFO [main] nopCommerce Application Hybrid FrameWork:81 - ************* Launching Browser *****************
2023-01-29 09:59:40,872  INFO [main] nopCommerce Application Hybrid FrameWork:81 - ************* Launching Browser *****************
2023-01-29 10:05:05,299  INFO [main] nopCommerce Application Hybrid FrameWork:81 - ************* Launching Browser *****************
2023-01-29 10:05:56,427  INFO [main] nopCommerce Application Hybrid FrameWork:81 - ************* Launching Browser *****************
2023-01-29 10:12:28,370  INFO [main] nopCommerce Application Hybrid FrameWork:81 - ************* Launching Browser *****************
2023-01-29 10:12:41,422  INFO [main] nopCommerce Application Hybrid FrameWork:81 - ************* Launching Browser *****************
2023-01-29 10:21:35,196  INFO [main] nopCommerce Application Hybrid FrameWork:81 - ************* Launching Browser *****************
2023-01-29 10:21:58,715  INFO [main] nopCommerce Application Hybrid FrameWork:81 - ************* Launching Browser *****************
2023-01-29 10:31:04,381  INFO [main] nopCommerce Application Hybrid FrameWork:81 - ************* Launching Browser *****************
2023-01-29 10:31:17,456  INFO [main] nopCommerce Application Hybrid FrameWork:81 - ************* Launching Browser *****************
2023-01-29 10:31:31,399  INFO [main] nopCommerce Application Hybrid FrameWork:81 - ************* Launching Browser *****************
2023-01-29 10:31:54,262  INFO [main] nopCommerce Application Hybrid FrameWork:81 - ************* Launching Browser *****************
2023-01-29 10:32:14,208  INFO [main] nopCommerce Application Hybrid FrameWork:81 - ************* Launching Browser *****************
2023-01-30 13:19:34,315  INFO [main] nopCommerce Application Hybrid FrameWork:81 - ************* Launching Browser *****************
2023-01-30 13:19:50,121 DEBUG [main] cache:45 - Couldn't find template in cache for "index.ftl"("en", UTF-8, parsed); will try to load it.
2023-01-30 13:19:50,126 DEBUG [main] cache:45 - TemplateLoader.findTemplateSource("index_en.ftl"): Not found
2023-01-30 13:19:50,136 DEBUG [main] cache:45 - TemplateLoader.findTemplateSource("index.ftl"): Found
2023-01-30 13:19:50,137 DEBUG [main] cache:45 - Loading template for "index.ftl"("en", UTF-8, parsed) from "jar:file:/C:/Users/someswar/.m2/repository/com/aventstack/extentreports/3.1.2/extentreports-3.1.2.jar!/com/aventstack/extentreports/view/html-report/index.ftl"
2023-01-30 13:19:50,825 DEBUG [main] cache:45 - Couldn't find template in cache for "head.ftl"("en", UTF-8, parsed); will try to load it.
2023-01-30 13:19:50,826 DEBUG [main] cache:45 - TemplateLoader.findTemplateSource("head_en.ftl"): Not found
2023-01-30 13:19:50,828 DEBUG [main] cache:45 - TemplateLoader.findTemplateSource("head.ftl"): Found
2023-01-30 13:19:50,831 DEBUG [main] cache:45 - Loading template for "head.ftl"("en", UTF-8, parsed) from "jar:file:/C:/Users/someswar/.m2/repository/com/aventstack/extentreports/3.1.2/extentreports-3.1.2.jar!/com/aventstack/extentreports/view/html-report/head.ftl"
2023-01-30 13:19:50,844 DEBUG [main] cache:45 - Couldn't find template in cache for "nav.ftl"("en", UTF-8, parsed); will try to load it.
2023-01-30 13:19:50,845 DEBUG [main] cache:45 - TemplateLoader.findTemplateSource("nav_en.ftl"): Not found
2023-01-30 13:19:50,848 DEBUG [main] cache:45 - TemplateLoader.findTemplateSource("nav.ftl"): Found
2023-01-30 13:19:50,849 DEBUG [main] cache:45 - Loading template for "nav.ftl"("en", UTF-8, parsed) from "jar:file:/C:/Users/someswar/.m2/repository/com/aventstack/extentreports/3.1.2/extentreports-3.1.2.jar!/com/aventstack/extentreports/view/html-report/nav.ftl"
2023-01-30 13:19:50,891 DEBUG [main] cache:45 - Couldn't find template in cache for "test-view/test-view.ftl"("en", UTF-8, parsed); will try to load it.
2023-01-30 13:19:50,891 DEBUG [main] cache:45 - TemplateLoader.findTemplateSource("test-view/test-view_en.ftl"): Not found
2023-01-30 13:19:50,892 DEBUG [main] cache:45 - TemplateLoader.findTemplateSource("test-view/test-view.ftl"): Found
2023-01-30 13:19:50,919 DEBUG [main] cache:45 - Loading template for "test-view/test-view.ftl"("en", UTF-8, parsed) from "jar:file:/C:/Users/someswar/.m2/repository/com/aventstack/extentreports/3.1.2/extentreports-3.1.2.jar!/com/aventstack/extentreports/view/html-report/test-view/test-view.ftl"
2023-01-30 13:19:50,966 DEBUG [main] cache:45 - Couldn't find template in cache for "test-view/test-view-charts.ftl"("en", UTF-8, parsed); will try to load it.
2023-01-30 13:19:50,986 DEBUG [main] cache:45 - TemplateLoader.findTemplateSource("test-view/test-view-charts_en.ftl"): Not found
2023-01-30 13:19:50,987 DEBUG [main] cache:45 - TemplateLoader.findTemplateSource("test-view/test-view-charts.ftl"): Found
2023-01-30 13:19:50,989 DEBUG [main] cache:45 - Loading template for "test-view/test-view-charts.ftl"("en", UTF-8, parsed) from "jar:file:/C:/Users/someswar/.m2/repository/com/aventstack/extentreports/3.1.2/extentreports-3.1.2.jar!/com/aventstack/extentreports/view/html-report/test-view/test-view-charts.ftl"
2023-01-30 13:19:51,040 DEBUG [main] cache:45 - Couldn't find template in cache for "test-view/standard.ftl"("en", UTF-8, parsed); will try to load it.
2023-01-30 13:19:51,042 DEBUG [main] cache:45 - TemplateLoader.findTemplateSource("test-view/standard_en.ftl"): Not found
2023-01-30 13:19:51,051 DEBUG [main] cache:45 - TemplateLoader.findTemplateSource("test-view/standard.ftl"): Found
2023-01-30 13:19:51,052 DEBUG [main] cache:45 - Loading template for "test-view/standard.ftl"("en", UTF-8, parsed) from "jar:file:/C:/Users/someswar/.m2/repository/com/aventstack/extentreports/3.1.2/extentreports-3.1.2.jar!/com/aventstack/extentreports/view/html-report/test-view/standard.ftl"
2023-01-30 13:19:51,138 DEBUG [main] cache:45 - Couldn't find template in cache for "category-view/category-view.ftl"("en", UTF-8, parsed); will try to load it.
2023-01-30 13:19:51,139 DEBUG [main] cache:45 - TemplateLoader.findTemplateSource("category-view/category-view_en.ftl"): Not found
2023-01-30 13:19:51,140 DEBUG [main] cache:45 - TemplateLoader.findTemplateSource("category-view/category-view.ftl"): Found
2023-01-30 13:19:51,141 DEBUG [main] cache:45 - Loading template for "category-view/category-view.ftl"("en", UTF-8, parsed) from "jar:file:/C:/Users/someswar/.m2/repository/com/aventstack/extentreports/3.1.2/extentreports-3.1.2.jar!/com/aventstack/extentreports/view/html-report/category-view/category-view.ftl"
2023-01-30 13:19:51,155 DEBUG [main] cache:45 - Couldn't find template in cache for "author-view/author-view.ftl"("en", UTF-8, parsed); will try to load it.
2023-01-30 13:19:51,156 DEBUG [main] cache:45 - TemplateLoader.findTemplateSource("author-view/author-view_en.ftl"): Not found
2023-01-30 13:19:51,158 DEBUG [main] cache:45 - TemplateLoader.findTemplateSource("author-view/author-view.ftl"): Found
2023-01-30 13:19:51,159 DEBUG [main] cache:45 - Loading template for "author-view/author-view.ftl"("en", UTF-8, parsed) from "jar:file:/C:/Users/someswar/.m2/repository/com/aventstack/extentreports/3.1.2/extentreports-3.1.2.jar!/com/aventstack/extentreports/view/html-report/author-view/author-view.ftl"
2023-01-30 13:19:51,193 DEBUG [main] cache:45 - Couldn't find template in cache for "exception-view/exception-view.ftl"("en", UTF-8, parsed); will try to load it.
2023-01-30 13:19:51,207 DEBUG [main] cache:45 - TemplateLoader.findTemplateSource("exception-view/exception-view_en.ftl"): Not found
2023-01-30 13:19:51,223 DEBUG [main] cache:45 - TemplateLoader.findTemplateSource("exception-view/exception-view.ftl"): Found
2023-01-30 13:19:51,224 DEBUG [main] cache:45 - Loading template for "exception-view/exception-view.ftl"("en", UTF-8, parsed) from "jar:file:/C:/Users/someswar/.m2/repository/com/aventstack/extentreports/3.1.2/extentreports-3.1.2.jar!/com/aventstack/extentreports/view/html-report/exception-view/exception-view.ftl"
2023-01-30 13:19:51,255 DEBUG [main] cache:45 - Couldn't find template in cache for "dashboard-view/dashboard-view.ftl"("en", UTF-8, parsed); will try to load it.
2023-01-30 13:19:51,256 DEBUG [main] cache:45 - TemplateLoader.findTemplateSource("dashboard-view/dashboard-view_en.ftl"): Not found
2023-01-30 13:19:51,257 DEBUG [main] cache:45 - TemplateLoader.findTemplateSource("dashboard-view/dashboard-view.ftl"): Found
2023-01-30 13:19:51,259 DEBUG [main] cache:45 - Loading template for "dashboard-view/dashboard-view.ftl"("en", UTF-8, parsed) from "jar:file:/C:/Users/someswar/.m2/repository/com/aventstack/extentreports/3.1.2/extentreports-3.1.2.jar!/com/aventstack/extentreports/view/html-report/dashboard-view/dashboard-view.ftl"
2023-01-30 13:19:51,291 DEBUG [main] cache:45 - Couldn't find template in cache for "logs-view/testrunner-logs-view.ftl"("en", UTF-8, parsed); will try to load it.
2023-01-30 13:19:51,294 DEBUG [main] cache:45 - TemplateLoader.findTemplateSource("logs-view/testrunner-logs-view_en.ftl"): Not found
2023-01-30 13:19:51,294 DEBUG [main] cache:45 - TemplateLoader.findTemplateSource("logs-view/testrunner-logs-view.ftl"): Found
2023-01-30 13:19:51,312 DEBUG [main] cache:45 - Loading template for "logs-view/testrunner-logs-view.ftl"("en", UTF-8, parsed) from "jar:file:/C:/Users/someswar/.m2/repository/com/aventstack/extentreports/3.1.2/extentreports-3.1.2.jar!/com/aventstack/extentreports/view/html-report/logs-view/testrunner-logs-view.ftl"
